{
  "RSpec": {
    "coverage": {
      "/home/robin/works/Panama/lib/switch_carrierwave.rb": [
        null,
        null,
        null,
        1,
        1,
        1,
        1,
        1,
        1,
        2,
        1,
        null,
        null,
        null,
        null,
        null,
        1
      ],
      "/home/robin/works/Panama/lib/graphical.rb": [
        null,
        null,
        null,
        null,
        null,
        null,
        null,
        null,
        null,
        null,
        null,
        null,
        null,
        null,
        null,
        null,
        null,
        null,
        null,
        null,
        null,
        null,
        null,
        1,
        1,
        1,
        4,
        null,
        null,
        null,
        null,
        null,
        4,
        4,
        4,
        4,
        null,
        null,
        1,
        8,
        null,
        null,
        1,
        null,
        null,
        1,
        8,
        8,
        8,
        null,
        null,
        null,
        8,
        null,
        8,
        8,
        0,
        null,
        null,
        null,
        null,
        null,
        1,
        5,
        null,
        null,
        null,
        1,
        null,
        1,
        null,
        1,
        0,
        0,
        0,
        0,
        0,
        0,
        null,
        null,
        null,
        null,
        null,
        null
      ],
      "/home/robin/works/Panama/app/models/category.rb": [
        1,
        null,
        null,
        null,
        null,
        1,
        null,
        1,
        1,
        1,
        null,
        1,
        null,
        1,
        1,
        null,
        1,
        0,
        0,
        null,
        0,
        null,
        null,
        1,
        null,
        0,
        0,
        0,
        null,
        null,
        1,
        0,
        0,
        null,
        null,
        1,
        0,
        null,
        0,
        0,
        0,
        null,
        null,
        null,
        null,
        1,
        0,
        null,
        null,
        1,
        0,
        0,
        null,
        null,
        1,
        0,
        null,
        null,
        null,
        null
      ],
      "/home/robin/works/Panama/app/uploaders/image_uploader.rb": [
        null,
        1,
        1,
        null,
        1,
        1,
        null,
        null
      ],
      "/home/robin/works/Panama/app/uploaders/carrierwave_file.rb": [
        1,
        1,
        null,
        1,
        1,
        null,
        1,
        0,
        null,
        null,
        1,
        0,
        0,
        0,
        0,
        0,
        null,
        null,
        1,
        0,
        null,
        null,
        1,
        0,
        0,
        null,
        null,
        1,
        11,
        11,
        11,
        null,
        11,
        33,
        null,
        null,
        null
      ],
      "/home/robin/works/Panama/app/uploaders/carrierwave_uploader_version.rb": [
        null,
        null,
        null,
        1,
        1,
        1,
        null,
        null
      ],
      "/home/robin/works/Panama/app/uploaders/carrierwave_upyun.rb": [
        1,
        1,
        1,
        0,
        null,
        null,
        1,
        null,
        null,
        null,
        null,
        0,
        null,
        null,
        null,
        1,
        0,
        0,
        0,
        0,
        null,
        0,
        null,
        0,
        null,
        null,
        1,
        0,
        null,
        null,
        1,
        0,
        0,
        0,
        0,
        null,
        null,
        null
      ],
      "/home/robin/works/Panama/app/models/city.rb": [
        1,
        1,
        null,
        1,
        null
      ],
      "/home/robin/works/Panama/app/realtime/realtime_notice_controller.rb": [
        1,
        null,
        1,
        0,
        null,
        null
      ],
      "/home/robin/works/Panama/app/models/order_transaction.rb": [
        1,
        null,
        1,
        1,
        null,
        null,
        1,
        1,
        null,
        null,
        1,
        null,
        null,
        null,
        null,
        1,
        null,
        1,
        1,
        null,
        null,
        1,
        1,
        null,
        null,
        null
      ],
      "/home/robin/works/Panama/app/helpers/activities_helper.rb": [
        1,
        null
      ],
      "/home/robin/works/Panama/app/helpers/admins/base_helper.rb": [
        1,
        1,
        null,
        1,
        0,
        null,
        null,
        1,
        0,
        0,
        null,
        0,
        null,
        null,
        null,
        1,
        0,
        0,
        null,
        0,
        null,
        null,
        null,
        1,
        0,
        0,
        null,
        0,
        null,
        null,
        null,
        1,
        0,
        0,
        null,
        0,
        null,
        null,
        null,
        null
      ],
      "/home/robin/works/Panama/app/helpers/admins/shops/categories_helper.rb": [
        1,
        null,
        1,
        0,
        null,
        null,
        1,
        null,
        null,
        null,
        0,
        null,
        null,
        1,
        null,
        null,
        null,
        null,
        0,
        null,
        null,
        1,
        null,
        0,
        null,
        null,
        null,
        0,
        null,
        null,
        0,
        null,
        null,
        null,
        null,
        0,
        null,
        null,
        null,
        null,
        null,
        null,
        null,
        null,
        null,
        null,
        null,
        null,
        null,
        null,
        null,
        null,
        null,
        null,
        null,
        null,
        0,
        0,
        null,
        null,
        1,
        0,
        null,
        null,
        0,
        null,
        null,
        0,
        null,
        null,
        0,
        0,
        null,
        null,
        1,
        null,
        null,
        0,
        null,
        null,
        0,
        0,
        null,
        null
      ],
      "/home/robin/works/Panama/app/helpers/admins/shops/complaint_helper.rb": [
        1,
        null
      ],
      "/home/robin/works/Panama/app/helpers/admins/shops/complete_helper.rb": [
        1,
        null
      ],
      "/home/robin/works/Panama/app/helpers/admins/shops/dashboard_helper.rb": [
        1,
        null
      ],
      "/home/robin/works/Panama/app/helpers/admins/shops/menu_helper.rb": [
        1,
        null
      ],
      "/home/robin/works/Panama/app/helpers/admins/shops/pending_helper.rb": [
        1,
        null
      ],
      "/home/robin/works/Panama/app/helpers/admins/shops/products_helper.rb": [
        1,
        null,
        1,
        0,
        0,
        0,
        null,
        null,
        0,
        null,
        0,
        null,
        null,
        null
      ],
      "/home/robin/works/Panama/app/helpers/admins/shops/templates_helper.rb": [
        1,
        null
      ],
      "/home/robin/works/Panama/app/helpers/admins/shops/transactions_helper.rb": [
        1,
        null
      ],
      "/home/robin/works/Panama/app/helpers/admins/shops/transport_helper.rb": [
        1,
        null
      ],
      "/home/robin/works/Panama/app/helpers/application_helper.rb": [
        null,
        1,
        null,
        1,
        1,
        null,
        1,
        0,
        null,
        null,
        1,
        0,
        null,
        null,
        1,
        0,
        null,
        null,
        1,
        0,
        null,
        null,
        1,
        0,
        null,
        null,
        1,
        0,
        0,
        0,
        0,
        null,
        null,
        null,
        null,
        null,
        1,
        0,
        null,
        null,
        1,
        0,
        null,
        null,
        1,
        0,
        null,
        null,
        1,
        0,
        null,
        null,
        1,
        0,
        0,
        null,
        null,
        1,
        null,
        1,
        0,
        0,
        0,
        null,
        0,
        null,
        null,
        1,
        0,
        0,
        0,
        null,
        0,
        0,
        null,
        null,
        null,
        null,
        null,
        1,
        0,
        null,
        null,
        1,
        0,
        null,
        null,
        1,
        0,
        0,
        0,
        null,
        null,
        1,
        0,
        0,
        0,
        0,
        0,
        0,
        null,
        0,
        null,
        null,
        0,
        0,
        null,
        null,
        null,
        0,
        null,
        null,
        null,
        null
      ],
      "/home/robin/works/Panama/app/helpers/widget_helper.rb": [
        1,
        1,
        null,
        null,
        null,
        null,
        null,
        null,
        null,
        null,
        null,
        null,
        null,
        1,
        0,
        0,
        null,
        null,
        1,
        0,
        0,
        null,
        0,
        null,
        null,
        0,
        0,
        null,
        0,
        0,
        0,
        null,
        null,
        null,
        0,
        0,
        null,
        null,
        1,
        0,
        0,
        0,
        null,
        null,
        1,
        0,
        0,
        null,
        0,
        null,
        0,
        null,
        0,
        null,
        null
      ],
      "/home/robin/works/Panama/app/helpers/attachment_helper.rb": [
        1,
        null,
        1,
        0,
        null,
        null
      ],
      "/home/robin/works/Panama/app/helpers/cart_helper.rb": [
        1,
        null,
        1,
        0,
        null,
        null,
        null,
        null,
        null,
        null,
        1,
        0,
        null,
        null
      ],
      "/home/robin/works/Panama/app/helpers/category_helper.rb": [
        1,
        null
      ],
      "/home/robin/works/Panama/app/helpers/contents_helper.rb": [
        1,
        null
      ],
      "/home/robin/works/Panama/app/helpers/people_helper.rb": [
        1,
        null,
        1,
        0,
        0,
        null,
        null,
        null
      ],
      "/home/robin/works/Panama/app/helpers/people/cart_helper.rb": [
        1,
        null
      ],
      "/home/robin/works/Panama/app/helpers/people/transactions_helper.rb": [
        1,
        1,
        null,
        1,
        0,
        0,
        null,
        0,
        null,
        null,
        null,
        1,
        0,
        0,
        null,
        null,
        1,
        0,
        0,
        0,
        null,
        null,
        null
      ],
      "/home/robin/works/Panama/app/helpers/products_helper.rb": [
        1,
        null
      ],
      "/home/robin/works/Panama/app/helpers/search_helper.rb": [
        1,
        null
      ],
      "/home/robin/works/Panama/app/helpers/shops_helper.rb": [
        1,
        null
      ],
      "/home/robin/works/Panama/app/helpers/table_helper.rb": [
        1,
        1,
        1,
        null,
        1,
        null,
        1,
        0,
        0,
        0,
        0,
        null,
        null
      ],
      "/home/robin/works/Panama/lib/table_builder.rb": [
        1,
        1,
        1,
        null,
        null,
        null,
        null,
        1,
        1,
        null,
        1,
        0,
        0,
        0,
        0,
        0,
        0,
        0,
        0,
        0,
        0,
        0,
        null,
        null,
        0,
        0,
        0,
        0,
        null,
        0,
        null,
        null,
        1,
        0,
        null,
        null,
        1,
        0,
        null,
        0,
        null,
        0,
        null,
        null,
        null,
        1,
        0,
        0,
        0,
        0,
        null,
        null,
        null,
        null,
        1,
        1,
        0,
        null,
        0,
        null,
        0,
        null,
        0,
        null,
        null,
        null,
        1,
        1,
        0,
        null,
        null,
        1,
        0,
        null,
        null,
        1,
        0,
        null,
        null,
        null,
        1,
        null,
        1,
        0,
        0,
        0,
        null,
        0,
        0,
        0,
        0,
        0,
        null,
        0,
        0,
        null,
        null,
        0,
        0,
        null,
        null,
        1,
        0,
        0,
        null,
        0,
        null,
        0,
        0,
        0,
        0,
        0,
        null,
        null,
        null,
        0,
        null,
        0,
        null,
        null,
        0,
        0,
        0,
        null,
        0,
        0,
        null,
        0,
        null,
        0,
        0,
        0,
        null,
        0,
        null,
        0,
        0,
        0,
        0,
        0,
        null,
        0,
        null,
        0,
        0,
        null,
        null,
        null,
        0,
        null,
        null,
        null,
        1,
        0,
        null,
        null,
        1,
        0,
        0,
        0,
        null,
        null,
        null,
        1,
        null,
        1,
        0,
        0,
        0,
        null,
        0,
        0,
        0,
        0,
        0,
        null,
        0,
        0,
        null,
        null,
        0,
        0,
        null,
        null,
        1,
        0,
        0,
        0,
        null,
        null,
        null,
        0,
        0,
        null,
        null,
        0,
        0,
        null,
        0,
        null,
        0,
        0,
        0,
        0,
        0,
        0,
        0,
        0,
        null,
        0,
        null,
        null,
        0,
        0,
        null,
        null,
        null,
        null,
        0,
        null,
        null,
        1,
        0,
        0,
        0,
        0,
        0,
        null,
        0,
        null,
        null,
        null,
        null,
        1,
        0,
        null,
        null,
        null,
        1,
        1,
        1,
        1,
        0,
        null,
        null,
        1,
        null,
        null,
        null,
        1,
        1,
        0,
        null,
        null,
        null,
        1,
        1,
        0,
        null,
        null,
        null,
        1,
        1,
        0,
        null,
        null,
        null,
        null,
        1,
        null,
        1,
        0,
        null,
        0,
        0,
        0,
        null,
        0,
        null,
        null,
        1,
        0,
        0,
        0,
        null,
        0,
        null,
        0,
        null,
        0,
        0,
        null,
        null,
        1,
        0,
        null,
        0,
        null,
        0,
        null,
        0,
        null,
        0,
        null,
        0,
        null,
        null,
        0,
        null,
        null,
        1,
        0,
        0,
        null,
        0,
        null,
        null,
        null,
        null,
        1,
        null,
        1,
        1,
        null,
        1,
        0,
        0,
        null,
        null,
        1,
        0,
        null,
        null,
        1,
        0,
        null,
        null,
        1,
        0,
        null,
        null,
        null
      ],
      "/home/robin/works/Panama/app/helpers/welcome_helper.rb": [
        1,
        null
      ],
      "/home/robin/works/Panama/app/inputs/chosen_input.rb": [
        1,
        null,
        1,
        null,
        0,
        0,
        0,
        0,
        0,
        0,
        null,
        null,
        null,
        null,
        null,
        null,
        null,
        null,
        null,
        null,
        null,
        null,
        null,
        null,
        null,
        null,
        null,
        null,
        0,
        null,
        null,
        1,
        0,
        null,
        null
      ],
      "/home/robin/works/Panama/app/inputs/depend_select_input.rb": [
        1,
        null,
        1,
        0,
        0,
        0,
        0,
        0,
        null,
        0,
        null,
        null,
        null,
        null,
        null,
        null,
        null,
        null,
        null,
        null,
        null,
        0,
        null,
        null,
        1,
        0,
        null,
        null,
        1,
        0,
        null,
        null
      ],
      "/home/robin/works/Panama/app/inputs/columnview_input.rb": [
        null,
        1,
        null,
        1,
        0,
        null,
        0,
        null,
        null,
        null,
        null,
        null,
        null,
        null,
        null,
        null,
        null,
        null,
        null,
        null,
        null,
        null,
        null,
        1,
        0,
        null,
        null
      ],
      "/home/robin/works/Panama/app/inputs/album_input.rb": [
        null,
        null,
        1,
        1,
        null,
        1,
        0,
        0,
        0,
        null,
        null,
        1,
        0,
        0,
        null,
        0,
        0,
        null,
        null,
        null,
        null,
        null,
        null,
        null,
        null,
        null,
        null,
        null,
        null,
        null,
        null,
        null,
        null,
        0,
        null,
        0,
        null,
        null,
        1,
        0,
        null,
        null,
        null,
        null,
        null,
        null,
        null,
        null,
        null,
        null,
        null,
        null,
        null,
        null
      ],
      "/home/robin/works/Panama/app/inputs/spinner_input.rb": [
        1,
        null,
        1,
        0,
        0,
        0,
        null,
        0,
        null,
        0,
        null,
        null,
        null,
        null,
        null,
        null,
        null,
        null,
        null,
        null,
        null,
        null,
        null,
        null,
        null,
        null,
        null,
        null,
        null
      ],
      "/home/robin/works/Panama/app/controllers/contents_controller.rb": [
        1,
        null,
        null,
        1,
        0,
        null,
        0,
        0,
        0,
        null,
        null,
        null,
        null,
        null,
        1,
        0,
        null,
        0,
        0,
        0,
        null,
        null,
        null,
        null,
        null,
        1,
        0,
        null,
        0,
        0,
        0,
        null,
        null,
        null,
        null,
        1,
        0,
        null,
        null,
        null,
        null,
        1,
        0,
        null,
        0,
        0,
        0,
        0,
        null,
        0,
        0,
        null,
        null,
        null,
        null,
        null,
        null,
        1,
        0,
        null,
        0,
        0,
        0,
        0,
        null,
        0,
        0,
        null,
        null,
        null,
        null,
        null,
        null,
        1,
        0,
        0,
        null,
        0,
        0,
        0,
        null,
        null,
        null
      ],
      "/home/robin/works/Panama/app/controllers/application_controller.rb": [
        1,
        1,
        1,
        null,
        1,
        null,
        1,
        null,
        1,
        0,
        null,
        null,
        1,
        null,
        1,
        0,
        null,
        0,
        0,
        0,
        0,
        0,
        0,
        0,
        0,
        null,
        null,
        null,
        null,
        1,
        0,
        null,
        null,
        1,
        1,
        null,
        null,
        null,
        null,
        null,
        null,
        null,
        null,
        null,
        null,
        1,
        0,
        null,
        1,
        null
      ],
      "/home/robin/works/Panama/app/models/content.rb": [
        1,
        null,
        1,
        1,
        1,
        null,
        1,
        0,
        null,
        null,
        1,
        null,
        null,
        null,
        1,
        1,
        null,
        1,
        null
      ],
      "/home/robin/works/Panama/app/controllers/people_controller.rb": [
        1,
        1,
        null,
        1,
        0,
        null,
        null
      ],
      "/home/robin/works/Panama/app/controllers/activities_controller.rb": [
        1,
        1,
        1,
        null,
        null,
        1,
        null,
        1,
        0,
        0,
        0,
        0,
        null,
        null,
        null,
        null,
        null,
        1,
        0,
        null,
        0,
        0,
        0,
        null,
        null,
        null,
        null,
        null,
        1,
        0,
        null,
        0,
        0,
        0,
        null,
        null,
        null,
        null,
        1,
        0,
        null,
        null,
        null,
        null,
        1,
        0,
        null,
        0,
        0,
        0,
        0,
        null,
        0,
        0,
        null,
        null,
        null,
        null,
        null,
        null,
        1,
        0,
        null,
        0,
        0,
        0,
        0,
        null,
        0,
        0,
        null,
        null,
        null,
        null,
        null,
        null,
        1,
        0,
        0,
        null,
        0,
        0,
        0,
        null,
        null,
        null
      ],
      "/home/robin/works/Panama/app/models/activity.rb": [
        1,
        1,
        null
      ],
      "/home/robin/works/Panama/app/controllers/city_controller.rb": [
        1,
        null,
        1,
        null,
        null,
        null,
        null,
        null,
        1,
        0,
        null,
        0,
        0,
        0,
        null,
        null,
        null,
        null
      ],
      "/home/robin/works/Panama/app/controllers/category_controller.rb": [
        1,
        1,
        null,
        1,
        null,
        1,
        0,
        0,
        null,
        null,
        1,
        0,
        0,
        null,
        null
      ],
      "/home/robin/works/Panama/app/controllers/search_controller.rb": [
        1,
        null
      ],
      "/home/robin/works/Panama/app/controllers/welcome_controller.rb": [
        1,
        1,
        null,
        null
      ],
      "/home/robin/works/Panama/app/controllers/admins/shops/section_controller.rb": [
        1,
        1,
        null,
        1,
        1,
        null,
        1,
        1,
        1,
        1,
        1,
        1,
        1,
        1,
        1,
        1,
        null,
        1,
        1,
        null,
        1,
        0,
        null,
        null,
        1,
        4,
        null,
        null,
        1,
        0,
        0,
        0,
        0,
        null,
        0,
        null,
        null,
        1,
        0,
        null,
        null
      ],
      "/home/robin/works/Panama/app/controllers/admins/base_controller.rb": [
        1,
        null,
        null,
        1,
        null,
        1,
        null,
        1,
        null,
        1,
        0,
        null,
        0,
        0,
        0,
        0,
        null,
        null,
        1,
        0,
        0,
        0,
        0,
        null,
        0,
        null,
        null,
        null,
        1,
        null,
        1,
        1,
        null,
        1,
        0,
        null,
        null,
        1,
        0,
        null,
        null,
        null,
        1,
        0,
        null,
        null
      ],
      "/home/robin/works/Panama/app/controllers/admins/shops/contents_controller.rb": [
        1,
        null,
        1,
        null,
        1,
        null,
        1,
        0,
        0,
        0,
        0,
        0,
        0,
        0,
        0,
        null,
        null,
        1,
        0,
        0,
        null,
        null,
        1,
        0,
        null,
        null,
        1,
        0,
        null,
        null,
        1,
        0,
        null,
        null,
        null,
        0,
        0,
        0,
        null,
        0,
        0,
        0,
        null,
        0,
        0,
        null,
        null,
        null,
        null,
        1,
        0,
        0,
        0,
        null,
        0,
        null,
        null,
        null,
        1,
        0,
        0,
        0,
        0,
        null,
        0,
        0,
        null,
        0,
        0,
        null,
        null,
        null,
        null,
        1,
        0,
        0,
        0,
        0,
        null,
        null,
        null,
        null,
        null,
        1,
        0,
        0,
        null,
        null,
        0,
        null,
        null,
        null,
        null,
        null,
        null
      ],
      "/home/robin/works/Panama/app/controllers/admins/shops/complete_controller.rb": [
        1,
        1,
        null,
        null
      ],
      "/home/robin/works/Panama/app/controllers/admins/shops/transactions_controller.rb": [
        1,
        null,
        1,
        0,
        0,
        null,
        null
      ],
      "/home/robin/works/Panama/app/controllers/admins/shops/menu_controller.rb": [
        1,
        null
      ],
      "/home/robin/works/Panama/app/controllers/admins/shops/categories_controller.rb": [
        1,
        null,
        1,
        null,
        1,
        null,
        1,
        null,
        1,
        0,
        null,
        null,
        1,
        null,
        0,
        0,
        null,
        null,
        null,
        1,
        0,
        0,
        null,
        null,
        1,
        0,
        0,
        null,
        null,
        1,
        0,
        0,
        null,
        null,
        0,
        null,
        0,
        0,
        null,
        null,
        1,
        0,
        0,
        0,
        null,
        null,
        1,
        0,
        null,
        0,
        null,
        null,
        0,
        null,
        0,
        null,
        null
      ],
      "/home/robin/works/Panama/app/controllers/admins/shops/attachments_controller.rb": [
        1,
        null,
        null,
        1,
        0,
        0,
        0,
        0,
        0,
        0,
        0,
        0,
        0,
        0,
        0,
        0,
        0,
        null,
        0,
        null,
        null,
        null,
        1,
        0,
        0,
        0,
        null,
        null
      ],
      "/home/robin/works/Panama/app/models/attachment.rb": [
        1,
        1,
        1,
        null,
        null,
        1,
        1,
        null,
        1,
        null,
        1,
        0,
        0,
        0,
        null,
        null,
        null
      ],
      "/home/robin/works/Panama/app/controllers/admins/shops/transport_controller.rb": [
        1,
        1,
        null,
        null
      ],
      "/home/robin/works/Panama/app/controllers/admins/shops/templates_controller.rb": [
        1,
        1,
        null,
        1,
        null,
        1,
        0,
        null,
        null,
        1,
        0,
        0,
        null,
        0,
        null,
        null,
        1,
        0,
        0,
        null,
        null,
        1,
        0,
        null,
        null,
        1,
        0,
        0,
        0,
        null,
        null,
        null
      ],
      "/home/robin/works/Panama/app/models/template.rb": [
        1,
        1,
        null,
        1,
        null,
        1,
        0,
        null,
        0,
        0,
        null,
        null,
        null,
        1,
        0,
        null,
        null,
        1,
        0,
        null,
        null,
        1,
        0,
        null,
        null,
        1,
        0,
        null,
        null,
        1,
        0,
        null,
        null,
        1,
        0,
        null,
        null,
        1,
        0,
        null,
        null,
        1,
        0,
        null,
        null
      ],
      "/home/robin/works/Panama/app/controllers/admins/shops/dashboard_controller.rb": [
        1,
        null
      ],
      "/home/robin/works/Panama/app/controllers/admins/shops/complaint_controller.rb": [
        1,
        1,
        null,
        null
      ],
      "/home/robin/works/Panama/app/controllers/admins/shops/products_controller.rb": [
        1,
        null,
        1,
        null,
        1,
        0,
        null,
        null,
        null,
        1,
        0,
        null,
        0,
        0,
        null,
        null,
        1,
        0,
        0,
        null,
        null,
        1,
        0,
        0,
        0,
        null,
        0,
        null,
        null,
        null,
        1,
        0,
        0,
        null,
        null,
        1,
        0,
        0,
        0,
        0,
        null,
        0,
        null,
        null,
        null,
        1,
        0,
        0,
        0,
        null,
        null,
        1,
        0,
        null,
        null,
        1,
        0,
        0,
        0,
        0,
        0,
        null,
        0,
        null,
        null,
        null,
        1,
        0,
        0,
        0,
        null,
        null,
        1,
        1,
        0,
        0,
        0,
        0,
        null,
        0,
        null,
        null
      ],
      "/home/robin/works/Panama/app/models/product.rb": [
        1,
        1,
        null,
        1,
        null,
        1,
        null,
        1,
        null,
        1,
        1,
        1,
        1,
        null,
        1,
        0,
        null,
        null,
        1,
        1,
        1,
        null,
        1,
        1,
        null,
        1,
        0,
        null,
        null,
        1,
        0,
        0,
        0,
        0,
        null,
        null,
        null
      ],
      "/home/robin/works/Panama/app/controllers/admins/shops_controller.rb": [
        1,
        null,
        null
      ],
      "/home/robin/works/Panama/app/models/shop.rb": [
        1,
        null,
        1,
        1,
        1,
        null,
        1,
        null,
        1,
        1,
        1,
        1,
        1,
        null,
        1,
        1,
        1,
        null,
        1,
        1,
        null,
        1,
        null,
        1,
        1,
        1,
        1,
        null,
        1,
        0,
        null,
        null,
        1,
        1,
        null,
        1,
        0,
        null,
        null,
        1,
        0,
        null,
        null,
        null,
        1,
        0,
        null,
        null,
        1,
        null,
        1,
        0,
        null,
        0,
        null,
        0,
        null,
        null,
        1,
        0,
        0,
        null,
        null,
        1,
        0,
        null,
        null,
        null,
        1,
        null,
        0,
        0,
        0,
        0,
        null,
        null,
        null,
        1,
        0,
        0,
        null,
        0,
        null,
        0,
        0,
        0,
        0,
        null,
        null,
        null,
        null,
        1,
        null,
        null,
        null,
        null,
        null,
        1,
        0,
        null,
        null,
        null,
        1,
        0,
        null,
        null,
        1,
        null,
        null,
        1,
        0,
        0,
        0,
        0,
        null,
        null,
        null
      ],
      "/home/robin/works/Panama/lib/orm_fs.rb": [
        1,
        null,
        1,
        1,
        1,
        1,
        1,
        null,
        1,
        0,
        null,
        null,
        null,
        1,
        null,
        1,
        0,
        null,
        null,
        1,
        0,
        null,
        1,
        null,
        1,
        1,
        0,
        null,
        null,
        null,
        null,
        1,
        0,
        0,
        0,
        0,
        0,
        null,
        null,
        0,
        0,
        0,
        0,
        null,
        null,
        0,
        null,
        0,
        null,
        null,
        1,
        null,
        0,
        null,
        null,
        null,
        null,
        null,
        1,
        0,
        0,
        0,
        null,
        null,
        0,
        0,
        0,
        null,
        null,
        null,
        1,
        0,
        0,
        null,
        0,
        0,
        0,
        null,
        null,
        0,
        0,
        0,
        null,
        null,
        0,
        0,
        0,
        0,
        0,
        null,
        null,
        1,
        0,
        0,
        0,
        null,
        null,
        0,
        null,
        null,
        null,
        null,
        null,
        null,
        null,
        null,
        null,
        null,
        1,
        0,
        0,
        null,
        0,
        0,
        0,
        0,
        null,
        0,
        0,
        null,
        null,
        null,
        null,
        null,
        1,
        0,
        0,
        0,
        null,
        null,
        null,
        1,
        0,
        0,
        0,
        0,
        0,
        0,
        null,
        null,
        0,
        0,
        null,
        null,
        null,
        null,
        null,
        1,
        1,
        0,
        null,
        null,
        1,
        0,
        0,
        null,
        0,
        0,
        0,
        null,
        null,
        null,
        null,
        1,
        0,
        0,
        null,
        0,
        null,
        0,
        0,
        0,
        0,
        null,
        0,
        null,
        null,
        0,
        null,
        null,
        null,
        null,
        null,
        null,
        null,
        1,
        1,
        1,
        0,
        null,
        null,
        null
      ],
      "/home/robin/works/Panama/app/controllers/user_sessions_controller.rb": [
        1,
        1,
        null,
        1,
        null,
        null,
        1,
        0,
        null,
        0,
        0,
        0,
        null,
        0,
        0,
        0,
        null,
        null,
        null,
        null,
        null,
        0,
        null,
        0,
        0,
        null,
        null,
        null,
        1,
        0,
        null,
        null,
        null,
        null,
        null,
        1,
        0,
        null,
        0,
        0,
        null,
        null
      ],
      "/home/robin/works/Panama/app/controllers/products_controller.rb": [
        1,
        null,
        1,
        null,
        1,
        0,
        0,
        null,
        null,
        null,
        null,
        null
      ],
      "/home/robin/works/Panama/app/controllers/people/transactions_controller.rb": [
        1,
        null,
        null,
        1,
        0,
        null,
        0,
        0,
        0,
        null,
        null,
        null,
        null,
        null,
        1,
        0,
        null,
        0,
        null,
        0,
        0,
        0,
        null,
        null,
        null,
        1,
        0,
        0,
        0,
        null,
        null,
        null,
        null,
        null,
        1,
        0,
        null,
        0,
        0,
        0,
        null,
        null,
        null,
        null,
        1,
        0,
        null,
        null,
        1,
        0,
        0,
        0,
        0,
        0,
        0,
        0,
        null,
        0,
        0,
        null,
        null,
        null,
        null,
        null,
        1,
        0,
        null,
        0,
        0,
        0,
        0,
        null,
        0,
        0,
        null,
        null,
        null,
        null,
        null,
        null,
        1,
        0,
        null,
        0,
        0,
        0,
        0,
        null,
        0,
        0,
        null,
        null,
        null,
        null,
        null,
        null,
        1,
        0,
        0,
        null,
        0,
        0,
        0,
        null,
        null,
        null
      ],
      "/home/robin/works/Panama/app/controllers/people/base_controller.rb": [
        1,
        null,
        1,
        null,
        1,
        null,
        1,
        0,
        null,
        null
      ],
      "/home/robin/works/Panama/app/controllers/people/cart_controller.rb": [
        1,
        1,
        0,
        null,
        null,
        1,
        0,
        0,
        0,
        0,
        null,
        0,
        null,
        0,
        0,
        null,
        null,
        1,
        0,
        0,
        0,
        0,
        0,
        null,
        null,
        1,
        0,
        0,
        0,
        0,
        0,
        null,
        null,
        1,
        0,
        0,
        0,
        null,
        null,
        1,
        0,
        0,
        null,
        null
      ],
      "/home/robin/works/Panama/app/models/cart.rb": [
        1,
        1,
        null,
        1,
        1,
        null
      ],
      "/home/robin/works/Panama/app/controllers/shops_controller.rb": [
        1,
        null,
        1,
        1,
        null,
        1,
        0,
        null,
        null,
        1,
        null,
        1,
        null,
        1,
        null,
        null,
        null,
        1,
        0,
        null,
        0,
        0,
        0,
        null,
        null,
        null,
        null,
        null,
        null,
        1,
        0,
        null,
        0,
        0,
        0,
        null,
        null,
        null,
        null,
        null,
        1,
        0,
        null,
        0,
        0,
        0,
        null,
        null,
        null,
        null,
        1,
        0,
        null,
        null,
        null,
        null,
        1,
        0,
        null,
        0,
        0,
        0,
        0,
        null,
        0,
        0,
        null,
        null,
        null,
        null,
        null,
        null,
        1,
        0,
        null,
        0,
        0,
        0,
        0,
        null,
        0,
        0,
        null,
        null,
        null,
        null,
        null,
        null,
        1,
        0,
        0,
        null,
        0,
        0,
        0,
        null,
        null,
        null,
        1,
        1,
        0,
        null,
        null,
        1,
        0,
        0,
        0,
        0,
        0,
        0,
        null,
        0,
        null,
        null,
        null,
        1,
        0,
        0,
        0,
        0,
        0,
        0,
        0,
        null,
        0,
        0,
        null,
        null,
        null,
        1,
        0,
        null,
        null,
        1,
        0,
        0,
        0,
        null,
        null,
        1,
        0,
        null,
        null
      ],
      "/home/robin/works/Panama/app/realtime/realtime_chat_controller.rb": [
        1,
        1,
        1,
        0,
        null,
        0,
        0,
        null,
        0,
        null,
        null,
        0,
        null,
        null,
        null
      ],
      "/home/robin/works/Panama/app/widgets/table_widget.rb": [
        1,
        1,
        null,
        1,
        null,
        1,
        null,
        1,
        0,
        0,
        null,
        0,
        0,
        null,
        0,
        null,
        null,
        null,
        0,
        null,
        0,
        0,
        null,
        0,
        0,
        null,
        0,
        null,
        null,
        null,
        0,
        null,
        null,
        null,
        1,
        1,
        0,
        null,
        null,
        1,
        0,
        null,
        null,
        1,
        0,
        0,
        0,
        0,
        null,
        0,
        null,
        null,
        0,
        0,
        0,
        null,
        null,
        0,
        0,
        0,
        null,
        null,
        null,
        1,
        null,
        null,
        null,
        null,
        null,
        null,
        null,
        0,
        null,
        null
      ],
      "/home/robin/works/Panama/app/widgets/common_widget.rb": [
        1,
        1,
        1,
        null,
        1,
        0,
        0,
        0,
        0,
        null,
        null,
        null,
        null,
        null,
        1,
        0,
        null,
        null,
        1,
        1,
        0,
        null,
        0,
        null,
        0,
        0,
        0,
        0,
        0,
        null,
        0,
        null,
        null,
        0,
        0,
        null,
        null,
        null,
        null
      ],
      "/home/robin/works/Panama/app/widgets/cart_widget.rb": [
        1,
        1,
        1,
        null,
        1,
        0,
        0,
        null,
        null,
        null
      ],
      "/home/robin/works/Panama/app/widgets/content_select_widget.rb": [
        1,
        null,
        1,
        0,
        0,
        null,
        0,
        null,
        null,
        null,
        null,
        null,
        null,
        0,
        null,
        null
      ],
      "/home/robin/works/Panama/app/widgets/combo_box_widget.rb": [
        1,
        1,
        null,
        1,
        1,
        0,
        0,
        0,
        0,
        null,
        0,
        null,
        0,
        null,
        null
      ],
      "/home/robin/works/Panama/app/widgets/template_combo_box_widget.rb": [
        1,
        1,
        null,
        1,
        0,
        0,
        0,
        null,
        null,
        0,
        null,
        null,
        1,
        0,
        null,
        null,
        null,
        null
      ],
      "/home/robin/works/Panama/app/widgets/input_widget.rb": [
        1,
        1,
        0,
        0,
        0,
        null,
        null,
        null
      ],
      "/home/robin/works/Panama/app/widgets/navigator_widget.rb": [
        1,
        null,
        1,
        0,
        0,
        null,
        null,
        1,
        0,
        null,
        null,
        null
      ],
      "/home/robin/works/Panama/app/widgets/container_widget.rb": [
        1,
        1,
        null,
        1,
        0,
        0,
        null,
        0,
        null,
        null,
        0,
        null,
        null,
        null,
        null,
        1,
        0,
        0,
        0,
        null,
        null,
        1,
        0,
        0,
        null,
        null,
        null
      ],
      "/home/robin/works/Panama/app/widgets/search_widget.rb": [
        1,
        null,
        1,
        0,
        0,
        0,
        0,
        null,
        null,
        1,
        null,
        null,
        null
      ],
      "/home/robin/works/Panama/app/widgets/contents/datetime_widget.rb": [
        1,
        null,
        1,
        0,
        null,
        null,
        null
      ],
      "/home/robin/works/Panama/app/widgets/contents/article_widget.rb": [
        1,
        1,
        null,
        1,
        0,
        0,
        null,
        null,
        1,
        0,
        0,
        null,
        null,
        1,
        0,
        0,
        null,
        0,
        null,
        0,
        null,
        null
      ],
      "/home/robin/works/Panama/app/widgets/contents/query_language_widget.rb": [
        1,
        null,
        1,
        0,
        null,
        null,
        null
      ],
      "/home/robin/works/Panama/app/widgets/contents/layout_widget.rb": [
        1,
        null,
        1,
        0,
        null,
        null,
        null
      ],
      "/home/robin/works/Panama/app/widgets/contents/text_widget.rb": [
        1,
        null,
        1,
        0,
        null,
        null,
        null
      ],
      "/home/robin/works/Panama/app/widgets/contents/page_widget.rb": [
        1,
        null,
        1,
        0,
        null,
        null,
        null
      ],
      "/home/robin/works/Panama/app/widgets/page_widget.rb": [
        1,
        null,
        null
      ],
      "/home/robin/works/Panama/app/widgets/button_widget.rb": [
        1,
        1,
        null,
        1,
        0,
        0,
        null,
        0,
        null,
        null,
        null,
        null,
        null,
        0,
        0,
        null,
        0,
        null,
        null,
        1,
        null,
        null,
        null
      ],
      "/home/robin/works/Panama/app/models/mongodb/product.rb": [
        1,
        1,
        1,
        1,
        null,
        1,
        null,
        1,
        1,
        1,
        null,
        1,
        null,
        1,
        1,
        1,
        1,
        null,
        1,
        0,
        null,
        null,
        1,
        1,
        1,
        null,
        1,
        1,
        null,
        1,
        0,
        null,
        null,
        1,
        0,
        0,
        0,
        0,
        null,
        null,
        1,
        0,
        0,
        null,
        null,
        null
      ],
      "/home/robin/works/Panama/app/models/mongodb/shop.rb": [
        1,
        null,
        1,
        1,
        1,
        null,
        1,
        null,
        1,
        null,
        1,
        1,
        0,
        null,
        null,
        null,
        1,
        1,
        null,
        1,
        null,
        1,
        1,
        1,
        null,
        1,
        null,
        1,
        null,
        1,
        1,
        null,
        1,
        0,
        null,
        null,
        1,
        1,
        0,
        null,
        0,
        null,
        0,
        null,
        null,
        1,
        0,
        0,
        null,
        null,
        1,
        0,
        null,
        null,
        null,
        1,
        null,
        0,
        0,
        0,
        0,
        null,
        null,
        null,
        1,
        0,
        0,
        null,
        0,
        null,
        0,
        0,
        0,
        0,
        null,
        null,
        null,
        null,
        1,
        0,
        0,
        null,
        null,
        null,
        1,
        0,
        null,
        null,
        null,
        1,
        0,
        null,
        null,
        1,
        null,
        null,
        1,
        0,
        0,
        0,
        0,
        null,
        null,
        null
      ],
      "/home/robin/works/Panama/app/models/mongodb/article.rb": [
        1,
        null,
        null
      ],
      "/home/robin/works/Panama/app/models/resource.rb": [
        1,
        1,
        null,
        1,
        null
      ],
      "/home/robin/works/Panama/app/models/mongodb/user.rb": [
        1,
        1,
        1,
        null,
        1,
        null,
        1,
        null,
        1,
        null,
        1,
        1,
        null,
        1,
        1,
        1,
        1,
        null,
        1,
        0,
        0,
        0,
        null,
        null,
        0,
        0,
        0,
        null,
        null,
        null
      ],
      "/home/robin/works/Panama/app/models/mongodb/address.rb": [
        null,
        1,
        1,
        1,
        1,
        null,
        1,
        1,
        1,
        null,
        1,
        1,
        1,
        1,
        1,
        1,
        null,
        1,
        0,
        null,
        null,
        1,
        1,
        1,
        null,
        null,
        null
      ],
      "/home/robin/works/Panama/app/models/mongodb/city.rb": [
        1,
        1,
        1,
        null,
        1,
        null,
        1,
        null
      ],
      "/home/robin/works/Panama/app/models/mongodb/bank.rb": [
        1,
        1,
        null,
        1,
        1,
        null,
        1,
        1,
        null,
        1,
        0,
        0,
        null,
        null,
        1,
        0,
        0,
        0,
        null,
        null,
        null
      ],
      "/home/robin/works/Panama/app/models/mongodb/content.rb": [
        1,
        null,
        1,
        1,
        1,
        null,
        null,
        1,
        null,
        1,
        1,
        1,
        null,
        1,
        0,
        null,
        null,
        1,
        null,
        null,
        null,
        1,
        1,
        null,
        1,
        null
      ],
      "/home/robin/works/Panama/app/models/mongodb/order.rb": [
        1,
        1,
        null
      ],
      "/home/robin/works/Panama/app/models/mongodb/cart.rb": [
        null,
        1,
        1,
        1,
        null,
        1,
        null,
        1,
        1,
        null,
        null
      ],
      "/home/robin/works/Panama/app/models/mongodb/template.rb": [
        null,
        null,
        1,
        1,
        null,
        1,
        null,
        1,
        0,
        null,
        0,
        0,
        null,
        null,
        null,
        1,
        0,
        null,
        null,
        1,
        0,
        null,
        null,
        1,
        0,
        null,
        null,
        1,
        0,
        null,
        null,
        1,
        0,
        null,
        null,
        1,
        0,
        null,
        null,
        1,
        0,
        null,
        null,
        1,
        0,
        null,
        null
      ],
      "/home/robin/works/Panama/app/models/mongodb/transaction.rb": [
        null,
        null,
        null,
        null,
        null,
        null,
        null,
        null,
        null,
        null,
        1,
        1,
        1,
        null,
        1,
        1,
        1,
        null,
        1,
        null,
        1,
        1,
        null,
        1,
        null,
        1,
        null,
        1,
        1,
        null,
        null,
        1,
        1,
        null,
        null,
        null
      ],
      "/home/robin/works/Panama/app/models/mongodb/file_entity.rb": [
        1,
        1,
        1,
        1,
        1,
        null,
        1,
        1,
        1,
        1,
        1,
        null,
        1,
        null,
        null,
        1,
        null,
        1,
        null,
        1,
        null,
        1,
        0,
        0,
        null,
        null,
        0,
        0,
        0,
        0,
        null,
        0,
        0,
        null,
        null,
        1,
        0,
        null,
        null,
        1,
        0,
        0,
        0,
        0,
        0,
        0,
        null,
        null,
        null,
        1,
        0,
        null,
        null,
        1,
        0,
        0,
        null,
        0,
        0,
        0,
        0,
        0,
        null,
        null,
        null,
        null,
        1,
        0,
        0,
        0,
        null,
        0,
        null,
        null,
        null,
        1,
        null,
        1,
        0,
        null,
        null,
        null,
        null,
        0,
        0,
        1
      ],
      "/home/robin/works/Panama/app/models/file_entity.rb": [
        1,
        null,
        1,
        null,
        null,
        null,
        null,
        null,
        null,
        null,
        null,
        null,
        1,
        null,
        1,
        null,
        null,
        null,
        null,
        null,
        1,
        0,
        0,
        null,
        null,
        null,
        0,
        null,
        null,
        null,
        1,
        0,
        null,
        null,
        1,
        0,
        0,
        null,
        null,
        null,
        0,
        null,
        null,
        null,
        1,
        0,
        0,
        0,
        0,
        0,
        0,
        null,
        null,
        null,
        1,
        0,
        null,
        null,
        1,
        0,
        0,
        0,
        0,
        null,
        null,
        1,
        0,
        null,
        null,
        1,
        0,
        0,
        null,
        0,
        0,
        0,
        0,
        0,
        0,
        null,
        null,
        null,
        null,
        1,
        null,
        1,
        1,
        null,
        null,
        null,
        null,
        null,
        0,
        0,
        1
      ],
      "/home/robin/works/Panama/app/models/mongodb/attachment.rb": [
        1,
        1,
        null,
        1,
        1,
        null,
        1,
        null,
        1,
        1,
        1,
        null,
        1,
        null,
        1,
        0,
        0,
        0,
        0,
        null,
        null,
        null,
        null
      ],
      "/home/robin/works/Panama/app/models/mongodb/image.rb": [
        1,
        1,
        1,
        null,
        1,
        null,
        1,
        0,
        null,
        null,
        1,
        0,
        0,
        0,
        0,
        null,
        null
      ],
      "/home/robin/works/Panama/app/models/mongodb/activity.rb": [
        1,
        1,
        null,
        1,
        null
      ],
      "/home/robin/works/Panama/app/models/mongodb/product_item.rb": [
        1,
        1,
        null,
        1,
        null,
        null,
        null,
        null,
        null,
        null,
        null,
        null,
        null,
        1,
        1,
        1,
        1,
        null,
        1,
        1,
        1,
        null,
        1,
        1,
        null,
        null,
        null,
        null,
        null,
        null,
        null,
        null,
        null,
        null,
        null,
        null
      ],
      "/home/robin/works/Panama/app/models/mongodb/category.rb": [
        1,
        1,
        1,
        1,
        1,
        null,
        1,
        null,
        1,
        null,
        1,
        null,
        1,
        null,
        1,
        null,
        1,
        null,
        1,
        0,
        0,
        null,
        0,
        null,
        null,
        1,
        null,
        0,
        0,
        0,
        null,
        null,
        1,
        0,
        0,
        null,
        null,
        1,
        0,
        null,
        0,
        0,
        0,
        null,
        null,
        null,
        null,
        1,
        0,
        0,
        null,
        null
      ],
      "/home/robin/works/Panama/app/models/mongodb/resource.rb": [
        1,
        1,
        1,
        null,
        1,
        1,
        null,
        1,
        null
      ],
      "/home/robin/works/Panama/app/models/user.rb": [
        1,
        1,
        1,
        null,
        1,
        null,
        1,
        null,
        1,
        null,
        1,
        null,
        1,
        1,
        1,
        null,
        1,
        null,
        null,
        null,
        1,
        null,
        1,
        3,
        3,
        3,
        null,
        null,
        3,
        3,
        3,
        null,
        null,
        null
      ],
      "/home/robin/works/Panama/app/models/address.rb": [
        1,
        1,
        null,
        1,
        null,
        1,
        null,
        1,
        1,
        1,
        1,
        1,
        null,
        1,
        1,
        null,
        null,
        1,
        1,
        1,
        null,
        null
      ],
      "/home/robin/works/Panama/app/models/bank.rb": [
        1,
        1,
        null,
        1,
        1,
        null,
        1,
        0,
        0,
        null,
        null,
        1,
        0,
        0,
        0,
        null,
        null,
        null
      ],
      "/home/robin/works/Panama/app/models/attachments_products.rb": [
        1,
        1,
        null
      ],
      "/home/robin/works/Panama/app/models/image.rb": [
        1,
        1,
        null,
        1,
        null,
        1,
        0,
        null,
        null,
        1,
        0,
        0,
        0,
        0,
        null,
        null
      ],
      "/home/robin/works/Panama/app/models/product_item.rb": [
        1,
        1,
        null,
        1,
        1,
        1,
        null,
        null,
        null,
        1,
        1,
        null,
        null
      ]
    },
    "timestamp": 1361614448
  }
}
